#
# There is insufficient memory for the Java Runtime Environment to continue.
# Native memory allocation (malloc) failed to allocate 1048576 bytes for AllocateHeap
# Possible reasons:
#   The system is out of physical RAM or swap space
#   In 32 bit mode, the process size limit was hit
# Possible solutions:
#   Reduce memory load on the system
#   Increase physical memory or swap space
#   Check if swap backing store is full
#   Use 64 bit Java on a 64 bit OS
#   Decrease Java heap size (-Xmx/-Xms)
#   Decrease number of Java threads
#   Decrease Java thread stack sizes (-Xss)
#   Set larger code cache with -XX:ReservedCodeCacheSize=
# This output file may be truncated or incomplete.
#
#  Out of Memory Error (memory/allocation.inline.hpp:61), pid=25044, tid=0x0000000000005e50
#
# JRE version:  (8.0_111-b14) (build )
# Java VM: Java HotSpot(TM) 64-Bit Server VM (25.111-b14 mixed mode windows-amd64 compressed oops)
# Failed to write core dump. Minidumps are not enabled by default on client versions of Windows
#

---------------  T H R E A D  ---------------

Current thread (0x0000000002b4d800):  JavaThread "Unknown thread" [_thread_in_vm, id=24144, stack(0x0000000003090000,0x0000000003190000)]

Stack: [0x0000000003090000,0x0000000003190000]
[error occurred during error reporting (printing stack bounds), id 0xc0000005]

Native frames: (J=compiled Java code, j=interpreted, Vv=VM code, C=native code)


---------------  P R O C E S S  ---------------

Java Threads: ( => current thread )

Other Threads:

=>0x0000000002b4d800 (exited) JavaThread "Unknown thread" [_thread_in_vm, id=24144, stack(0x0000000003090000,0x0000000003190000)]

VM state:not at safepoint (normal execution)

VM Mutex/Monitor currently owned by a thread: None

Heap:
 PSYoungGen      total 37888K, used 655K [0x00000000d6200000, 0x00000000d8c00000, 0x0000000100000000)
  eden space 32768K, 2% used [0x00000000d6200000,0x00000000d62a3d80,0x00000000d8200000)
  from space 5120K, 0% used [0x00000000d8700000,0x00000000d8700000,0x00000000d8c00000)
  to   space 5120K, 0% used [0x00000000d8200000,0x00000000d8200000,0x00000000d8700000)
 ParOldGen       total 86016K, used 0K [0x0000000082600000, 0x0000000087a00000, 0x00000000d6200000)
  object space 86016K, 0% used [0x0000000082600000,0x0000000082600000,0x0000000087a00000)
 Metaspace       used 770K, capacity 4480K, committed 4480K, reserved 1056768K
  class space    used 75K, capacity 384K, committed 384K, reserved 1048576K

Card table byte_map: [0x0000000012750000,0x0000000012b40000] byte_map_base: 0x000000001233d000

Marking Bits: (ParMarkBitMap*) 0x000000006f83a6c0
 Begin Bits: [0x00000000135e0000, 0x0000000015548000)
 End Bits:   [0x0000000015548000, 0x00000000174b0000)

Polling page: 0x0000000002bf0000

CodeCache: size=245760Kb used=328Kb max_used=328Kb free=245431Kb
 bounds [0x0000000003390000, 0x0000000003600000, 0x0000000012390000]
 total_blobs=58 nmethods=0 adapters=38
 compilation: enabled

Compilation events (0 events):
No events

GC Heap History (0 events):
No events

Deoptimization events (0 events):
No events

Internal exceptions (0 events):
No events

Events (10 events):
Event: 0.048 loading class java/lang/Short
Event: 0.048 loading class java/lang/Short done
Event: 0.048 loading class java/lang/Integer
Event: 0.048 loading class java/lang/Integer done
Event: 0.048 loading class java/lang/Long
Event: 0.048 loading class java/lang/Long done
Event: 0.049 loading class java/lang/NullPointerException
Event: 0.049 loading class java/lang/NullPointerException done
Event: 0.049 loading class java/lang/ArithmeticException
Event: 0.049 loading class java/lang/ArithmeticException done


Dynamic libraries:
0x00007ff7b6a00000 - 0x00007ff7b6a37000 	D:\Java\jdk1.8.0_111\bin\java.exe
0x00007ffc537f0000 - 0x00007ffc539e8000 	C:\Windows\SYSTEM32\ntdll.dll
0x00007ffc52230000 - 0x00007ffc522ed000 	C:\Windows\System32\KERNEL32.DLL
0x00007ffc50ed0000 - 0x00007ffc511c6000 	C:\Windows\System32\KERNELBASE.dll
0x00007ffc520c0000 - 0x00007ffc5216f000 	C:\Windows\System32\ADVAPI32.dll
0x00007ffc51b70000 - 0x00007ffc51c0e000 	C:\Windows\System32\msvcrt.dll
0x00007ffc51cc0000 - 0x00007ffc51d5c000 	C:\Windows\System32\sechost.dll
0x00007ffc51850000 - 0x00007ffc51976000 	C:\Windows\System32\RPCRT4.dll
0x00007ffc524f0000 - 0x00007ffc5268e000 	C:\Windows\System32\USER32.dll
0x00007ffc51380000 - 0x00007ffc513a2000 	C:\Windows\System32\win32u.dll
0x00007ffc51a60000 - 0x00007ffc51a8c000 	C:\Windows\System32\GDI32.dll
0x00007ffc514b0000 - 0x00007ffc515ca000 	C:\Windows\System32\gdi32full.dll
0x00007ffc51700000 - 0x00007ffc5179d000 	C:\Windows\System32\msvcp_win.dll
0x00007ffc515d0000 - 0x00007ffc516d0000 	C:\Windows\System32\ucrtbase.dll
0x00007ffc2ab30000 - 0x00007ffc2adca000 	C:\Windows\WinSxS\amd64_microsoft.windows.common-controls_6595b64144ccf1df_6.0.19041.3636_none_60b6a03d71f818d5\COMCTL32.dll
0x00007ffc522f0000 - 0x00007ffc52320000 	C:\Windows\System32\IMM32.DLL
0x0000000071920000 - 0x000000007192d000 	D:\360safe\safemon\SafeWrapper.dll
0x00007ffc363f0000 - 0x00007ffc3649c000 	D:\360safe\safemon\libzdtp64.dll
0x00007ffc52f90000 - 0x00007ffc536d4000 	C:\Windows\System32\SHELL32.dll
0x00007ffc521d0000 - 0x00007ffc52225000 	C:\Windows\System32\SHLWAPI.dll
0x00007ffc50a60000 - 0x00007ffc50a6a000 	C:\Windows\SYSTEM32\VERSION.dll
0x0000000071840000 - 0x0000000071912000 	D:\Java\jdk1.8.0_111\jre\bin\msvcr100.dll
0x000000006f020000 - 0x000000006f8ba000 	D:\Java\jdk1.8.0_111\jre\bin\server\jvm.dll
0x00007ffc52cb0000 - 0x00007ffc52cb8000 	C:\Windows\System32\PSAPI.DLL
0x00007ffc2c180000 - 0x00007ffc2c189000 	C:\Windows\SYSTEM32\WSOCK32.dll
0x00007ffc4c270000 - 0x00007ffc4c297000 	C:\Windows\SYSTEM32\WINMM.dll
0x00007ffc52c40000 - 0x00007ffc52cab000 	C:\Windows\System32\WS2_32.dll
0x0000000071830000 - 0x000000007183f000 	D:\Java\jdk1.8.0_111\jre\bin\verify.dll
0x0000000071800000 - 0x0000000071829000 	D:\Java\jdk1.8.0_111\jre\bin\java.dll
0x00000000717b0000 - 0x00000000717c6000 	D:\Java\jdk1.8.0_111\jre\bin\zip.dll

VM Arguments:
java_command: com.team2.smarttowns.SmartTownsApplication
java_class_path (initial): C:\Users\cn\AppData\Roaming\Code\User\workspaceStorage\b936faed899c9b6a9156cb2f321614f9\redhat.java\jdt_ws\jdt.ls-java-project\bin
Launcher Type: SUN_STANDARD

Environment Variables:
PATH=C:\Program Files (x86)\Common Files\Oracle\Java\javapath;D:\bin\;C:\ProgramData\Oracle\Java\javapath;C:\Program Files (x86)\Common Files\Intel\Shared Libraries\redist\intel64\compiler;C:\Windows\system32;C:\Windows;C:\Windows\System32\Wbem;C:\Windows\System32\WindowsPowerShell\v1.0\;C:\Windows\System32\OpenSSH\;C:\Program Files (x86)\NVIDIA Corporation\PhysX\Common;C:\Program Files\NVIDIA Corporation\NVIDIA NvDLISR;C:\Program Files\Intel\WiFi\bin\;C:\Program Files\Common Files\Intel\WirelessCommon\;C:\WINDOWS\system32;C:\WINDOWS;C:\WINDOWS\System32\Wbem;C:\WINDOWS\System32\WindowsPowerShell\v1.0\;C:\WINDOWS\System32\OpenSSH\;C:\Program Files\Git\cmd;D:\Java\jdk1.8.0_111\bin;D:\downloadtext;D:\downloadtext\Library\lib;D:\downloadtext\Scripts;C:\Program Files\Microsoft SQL Server\120\Tools\Binn\;C:\Program Files\MATLAB\R2018b\runtime\win64;C:\Program Files\MATLAB\R2018b\bin;C:\Program Files\Microsoft SQL Server\130\Tools\Binn\;C:\Program Files\Microsoft SQL Server\Client SDK\ODBC\170\Tools\Binn\;E:\flutter\bin;C:\Program Files\dotnet\;C:\Users\cn\AppData\Local\Android\Sdk\platform-tools;D:\MySQL\mysql-8.0.30-winx64\bin;C:\Program Files (x86)\dotnet\;C:\Program Files\nodejs\;C:\Program Files\TortoiseGit\bin;D:\lux;D:\ffmpeg-5.1.2-essentials_build\bin;C:\Users\cn\AppData\Local\Programs\Python\Python310;;C:\Program Files\Docker\Docker\resources\bin;C:\Users\cn\AppData\Local\Programs\Python\Python310\Scripts\;C:\Users\cn\AppData\Local\Programs\Python\Python310\;C:\Users\cn\anaconda3;C:\Users\cn\anaconda3\Library\mingw-w64\bin;C:\Users\cn\anaconda3\Library\usr\bin;C:\Users\cn\anaconda3\Library\bin;C:\Users\cn\anaconda3\Scripts;D:\Python3_8_9\Scripts\;D:\Python3_8_9\;C:\Users\cn\AppData\Local\Microsoft\WindowsApps;D:\PyCharm 2021.2\bin;D:\PyCharm Community Edition 2021.2\bin;C:\Users\cn\.dotnet\tools;C:\Users\cn\AppData\Roaming\npm;C:\Users\cn\AppData\Local\Programs\Microsoft VS Code\bin
USERNAME=cn
OS=Windows_NT
PROCESSOR_IDENTIFIER=Intel64 Family 6 Model 142 Stepping 11, GenuineIntel



---------------  S Y S T E M  ---------------

OS: Windows 10.0 , 64 bit Build 19041 (10.0.19041.3636)

CPU:total 8 (4 cores per cpu, 2 threads per core) family 6 model 142 stepping 11, cmov, cx8, fxsr, mmx, sse, sse2, sse3, ssse3, sse4.1, sse4.2, popcnt, avx, avx2, aes, clmul, erms, 3dnowpref, lzcnt, ht, tsc, tscinvbit, bmi1, bmi2, adx

Memory: 4k page, physical 8230644k(526928k free), swap 21344268k(4836k free)

vm_info: Java HotSpot(TM) 64-Bit Server VM (25.111-b14) for windows-amd64 JRE (1.8.0_111-b14), built on Sep 22 2016 19:24:05 by "java_re" with MS VC++ 10.0 (VS2010)

time: Thu Nov 30 17:25:36 2023
elapsed time: 0 seconds (0d 0h 0m 0s)

